21:55:11 com_github_adamws_kicad-kbplacer.kbplacer_plugin_action 45: Plugin executed with KiCad version: 7.0.7
21:55:11 com_github_adamws_kicad-kbplacer.kbplacer_plugin_action 46: Plugin executed with python version: '3.10.12 (main, Jun 11 2023, 05:26:28) [GCC 11.4.0]'
21:55:32 com_github_adamws_kicad-kbplacer.kbplacer_plugin_action 60: User layout: {'meta': {'author': '', 'backcolor': '#eeeeee', 'background': None, 'name': '', 'notes': '', 'radii': '', 'switchBrand': '', 'switchMount': '', 'switchType': ''}, 'keys': [{'color': '#cccccc', 'labels': ['!', None, None, None, None, None, '1'], 'textColor': [], 'textSize': [], 'default': {'textColor': '#000000', 'textSize': 3}, 'x': 0, 'y': 0, 'width': 1, 'height': 1, 'x2': 0, 'y2': 0, 'width2': 1, 'height2': 1, 'rotation_x': 0, 'rotation_y': 0, 'rotation_angle': 0, 'decal': False, 'ghost': False, 'stepped': False, 'nub': False, 'profile': '', 'sm': '', 'sb': '', 'st': ''}, {'color': '#cccccc', 'labels': ['"', None, None, None, None, None, '2'], 'textColor': [], 'textSize': [], 'default': {'textColor': '#000000', 'textSize': 3}, 'x': 1, 'y': 0, 'width': 1, 'height': 1, 'x2': 0, 'y2': 0, 'width2': 1, 'height2': 1, 'rotation_x': 0, 'rotation_y': 0, 'rotation_angle': 0, 'decal': False, 'ghost': False, 'stepped': False, 'nub': False, 'profile': '', 'sm': '', 'sb': '', 'st': ''}, {'color': '#cccccc', 'labels': ['£', None, None, None, None, None, '3'], 'textColor': [], 'textSize': [], 'default': {'textColor': '#000000', 'textSize': 3}, 'x': 2, 'y': 0, 'width': 1, 'height': 1, 'x2': 0, 'y2': 0, 'width2': 1, 'height2': 1, 'rotation_x': 0, 'rotation_y': 0, 'rotation_angle': 0, 'decal': False, 'ghost': False, 'stepped': False, 'nub': False, 'profile': '', 'sm': '', 'sb': '', 'st': ''}, {'color': '#cccccc', 'labels': ['$', None, None, None, None, None, '4'], 'textColor': [], 'textSize': [], 'default': {'textColor': '#000000', 'textSize': 3}, 'x': 3, 'y': 0, 'width': 1, 'height': 1, 'x2': 0, 'y2': 0, 'width2': 1, 'height2': 1, 'rotation_x': 0, 'rotation_y': 0, 'rotation_angle': 0, 'decal': False, 'ghost': False, 'stepped': False, 'nub': False, 'profile': '', 'sm': '', 'sb': '', 'st': ''}, {'color': '#cccccc', 'labels': ['%', None, None, None, None, None, '5'], 'textColor': [], 'textSize': [], 'default': {'textColor': '#000000', 'textSize': 3}, 'x': 4.25, 'y': 0, 'width': 1, 'height': 1, 'x2': 0, 'y2': 0, 'width2': 1, 'height2': 1, 'rotation_x': 0, 'rotation_y': 0, 'rotation_angle': 0, 'decal': False, 'ghost': False, 'stepped': False, 'nub': False, 'profile': '', 'sm': '', 'sb': '', 'st': ''}, {'color': '#cccccc', 'labels': ['^', None, None, None, None, None, '6'], 'textColor': [], 'textSize': [], 'default': {'textColor': '#000000', 'textSize': 3}, 'x': 5.25, 'y': 0, 'width': 1, 'height': 1, 'x2': 0, 'y2': 0, 'width2': 1, 'height2': 1, 'rotation_x': 0, 'rotation_y': 0, 'rotation_angle': 0, 'decal': False, 'ghost': False, 'stepped': False, 'nub': False, 'profile': '', 'sm': '', 'sb': '', 'st': ''}, {'color': '#cccccc', 'labels': ['&', None, None, None, None, None, '7'], 'textColor': [], 'textSize': [], 'default': {'textColor': '#000000', 'textSize': 3}, 'x': 6.25, 'y': 0, 'width': 1, 'height': 1, 'x2': 0, 'y2': 0, 'width2': 1, 'height2': 1, 'rotation_x': 0, 'rotation_y': 0, 'rotation_angle': 0, 'decal': False, 'ghost': False, 'stepped': False, 'nub': False, 'profile': '', 'sm': '', 'sb': '', 'st': ''}, {'color': '#cccccc', 'labels': ['*', None, None, None, None, None, '8'], 'textColor': [], 'textSize': [], 'default': {'textColor': '#000000', 'textSize': 3}, 'x': 7.25, 'y': 0, 'width': 1, 'height': 1, 'x2': 0, 'y2': 0, 'width2': 1, 'height2': 1, 'rotation_x': 0, 'rotation_y': 0, 'rotation_angle': 0, 'decal': False, 'ghost': False, 'stepped': False, 'nub': False, 'profile': '', 'sm': '', 'sb': '', 'st': ''}, {'color': '#cccccc', 'labels': ['(', None, None, None, None, None, '9'], 'textColor': [], 'textSize': [], 'default': {'textColor': '#000000', 'textSize': 3}, 'x': 8.5, 'y': 0, 'width': 1, 'height': 1, 'x2': 0, 'y2': 0, 'width2': 1, 'height2': 1, 'rotation_x': 0, 'rotation_y': 0, 'rotation_angle': 0, 'decal': False, 'ghost': False, 'stepped': False, 'nub': False, 'profile': '', 'sm': '', 'sb': '', 'st': ''}, {'color': '#cccccc', 'labels': [')', None, None, None, None, None, '0'], 'textColor': [], 'textSize': [], 'default': {'textColor': '#000000', 'textSize': 3}, 'x': 9.5, 'y': 0, 'width': 1, 'height': 1, 'x2': 0, 'y2': 0, 'width2': 1, 'height2': 1, 'rotation_x': 0, 'rotation_y': 0, 'rotation_angle': 0, 'decal': False, 'ghost': False, 'stepped': False, 'nub': False, 'profile': '', 'sm': '', 'sb': '', 'st': ''}, {'color': '#cccccc', 'labels': ['_', None, None, None, None, None, '-'], 'textColor': [], 'textSize': [], 'default': {'textColor': '#000000', 'textSize': 3}, 'x': 10.5, 'y': 0, 'width': 1, 'height': 1, 'x2': 0, 'y2': 0, 'width2': 1, 'height2': 1, 'rotation_x': 0, 'rotation_y': 0, 'rotation_angle': 0, 'decal': False, 'ghost': False, 'stepped': False, 'nub': False, 'profile': '', 'sm': '', 'sb': '', 'st': ''}, {'color': '#cccccc', 'labels': ['+', None, None, None, None, None, '='], 'textColor': [], 'textSize': [], 'default': {'textColor': '#000000', 'textSize': 3}, 'x': 11.5, 'y': 0, 'width': 1, 'height': 1, 'x2': 0, 'y2': 0, 'width2': 1, 'height2': 1, 'rotation_x': 0, 'rotation_y': 0, 'rotation_angle': 0, 'decal': False, 'ghost': False, 'stepped': False, 'nub': False, 'profile': '', 'sm': '', 'sb': '', 'st': ''}, {'color': '#cccccc', 'labels': ['Bsps'], 'textColor': [], 'textSize': [], 'default': {'textColor': '#000000', 'textSize': 3}, 'x': 12.75, 'y': 0, 'width': 1, 'height': 1, 'x2': 0, 'y2': 0, 'width2': 1, 'height2': 1, 'rotation_x': 0, 'rotation_y': 0, 'rotation_angle': 0, 'decal': False, 'ghost': False, 'stepped': False, 'nub': False, 'profile': '', 'sm': '', 'sb': '', 'st': ''}, {'color': '#cccccc', 'labels': ['Esc', None, '`', None, None, None, None, None, '~'], 'textColor': [], 'textSize': [], 'default': {'textColor': '#000000', 'textSize': 3}, 'x': 0, 'y': 1.25, 'width': 1, 'height': 1, 'x2': 0, 'y2': 0, 'width2': 1, 'height2': 1, 'rotation_x': 0, 'rotation_y': 0, 'rotation_angle': 0, 'decal': False, 'ghost': False, 'stepped': False, 'nub': False, 'profile': '', 'sm': '', 'sb': '', 'st': ''}, {'color': '#cccccc', 'labels': ['Q'], 'textColor': [], 'textSize': [], 'default': {'textColor': '#000000', 'textSize': 3}, 'x': 1, 'y': 1.25, 'width': 1, 'height': 1, 'x2': 0, 'y2': 0, 'width2': 1, 'height2': 1, 'rotation_x': 0, 'rotation_y': 0, 'rotation_angle': 0, 'decal': False, 'ghost': False, 'stepped': False, 'nub': False, 'profile': '', 'sm': '', 'sb': '', 'st': ''}, {'color': '#cccccc', 'labels': ['W'], 'textColor': [], 'textSize': [], 'default': {'textColor': '#000000', 'textSize': 3}, 'x': 2, 'y': 1.25, 'width': 1, 'height': 1, 'x2': 0, 'y2': 0, 'width2': 1, 'height2': 1, 'rotation_x': 0, 'rotation_y': 0, 'rotation_angle': 0, 'decal': False, 'ghost': False, 'stepped': False, 'nub': False, 'profile': '', 'sm': '', 'sb': '', 'st': ''}, {'color': '#cccccc', 'labels': ['E'], 'textColor': [], 'textSize': [], 'default': {'textColor': '#000000', 'textSize': 3}, 'x': 3, 'y': 1.25, 'width': 1, 'height': 1, 'x2': 0, 'y2': 0, 'width2': 1, 'height2': 1, 'rotation_x': 0, 'rotation_y': 0, 'rotation_angle': 0, 'decal': False, 'ghost': False, 'stepped': False, 'nub': False, 'profile': '', 'sm': '', 'sb': '', 'st': ''}, {'color': '#cccccc', 'labels': ['R'], 'textColor': [], 'textSize': [], 'default': {'textColor': '#000000', 'textSize': 3}, 'x': 4, 'y': 1.25, 'width': 1, 'height': 1, 'x2': 0, 'y2': 0, 'width2': 1, 'height2': 1, 'rotation_x': 0, 'rotation_y': 0, 'rotation_angle': 0, 'decal': False, 'ghost': False, 'stepped': False, 'nub': False, 'profile': '', 'sm': '', 'sb': '', 'st': ''}, {'color': '#cccccc', 'labels': ['T'], 'textColor': [], 'textSize': [], 'default': {'textColor': '#000000', 'textSize': 3}, 'x': 5, 'y': 1.25, 'width': 1, 'height': 1, 'x2': 0, 'y2': 0, 'width2': 1, 'height2': 1, 'rotation_x': 0, 'rotation_y': 0, 'rotation_angle': 0, 'decal': False, 'ghost': False, 'stepped': False, 'nub': False, 'profile': '', 'sm': '', 'sb': '', 'st': ''}, {'color': '#cccccc', 'labels': ['Y'], 'textColor': [], 'textSize': [], 'default': {'textColor': '#000000', 'textSize': 3}, 'x': 6, 'y': 1.25, 'width': 1, 'height': 1, 'x2': 0, 'y2': 0, 'width2': 1, 'height2': 1, 'rotation_x': 0, 'rotation_y': 0, 'rotation_angle': 0, 'decal': False, 'ghost': False, 'stepped': False, 'nub': False, 'profile': '', 'sm': '', 'sb': '', 'st': ''}, {'color': '#cccccc', 'labels': ['U'], 'textColor': [], 'textSize': [], 'default': {'textColor': '#000000', 'textSize': 3}, 'x': 7, 'y': 1.25, 'width': 1, 'height': 1, 'x2': 0, 'y2': 0, 'width2': 1, 'height2': 1, 'rotation_x': 0, 'rotation_y': 0, 'rotation_angle': 0, 'decal': False, 'ghost': False, 'stepped': False, 'nub': False, 'profile': '', 'sm': '', 'sb': '', 'st': ''}, {'color': '#cccccc', 'labels': ['I'], 'textColor': [], 'textSize': [], 'default': {'textColor': '#000000', 'textSize': 3}, 'x': 8, 'y': 1.25, 'width': 1, 'height': 1, 'x2': 0, 'y2': 0, 'width2': 1, 'height2': 1, 'rotation_x': 0, 'rotation_y': 0, 'rotation_angle': 0, 'decal': False, 'ghost': False, 'stepped': False, 'nub': False, 'profile': '', 'sm': '', 'sb': '', 'st': ''}, {'color': '#cccccc', 'labels': ['O'], 'textColor': [], 'textSize': [], 'default': {'textColor': '#000000', 'textSize': 3}, 'x': 9, 'y': 1.25, 'width': 1, 'height': 1, 'x2': 0, 'y2': 0, 'width2': 1, 'height2': 1, 'rotation_x': 0, 'rotation_y': 0, 'rotation_angle': 0, 'decal': False, 'ghost': False, 'stepped': False, 'nub': False, 'profile': '', 'sm': '', 'sb': '', 'st': ''}, {'color': '#cccccc', 'labels': ['P'], 'textColor': [], 'textSize': [], 'default': {'textColor': '#000000', 'textSize': 3}, 'x': 10, 'y': 1.25, 'width': 1, 'height': 1, 'x2': 0, 'y2': 0, 'width2': 1, 'height2': 1, 'rotation_x': 0, 'rotation_y': 0, 'rotation_angle': 0, 'decal': False, 'ghost': False, 'stepped': False, 'nub': False, 'profile': '', 'sm': '', 'sb': '', 'st': ''}, {'color': '#cccccc', 'labels': ['Enter'], 'textColor': [], 'textSize': [], 'default': {'textColor': '#000000', 'textSize': 3}, 'x': 11.25, 'y': 1.25, 'width': 1.25, 'height': 2, 'x2': -0.25, 'y2': 0, 'width2': 1.5, 'height2': 1, 'rotation_x': 0, 'rotation_y': 0, 'rotation_angle': 0, 'decal': False, 'ghost': False, 'stepped': False, 'nub': False, 'profile': '', 'sm': '', 'sb': '', 'st': ''}, {'color': '#cccccc', 'labels': ['PgUp'], 'textColor': [], 'textSize': [], 'default': {'textColor': '#000000', 'textSize': 3}, 'x': 12.75, 'y': 1.25, 'width': 1, 'height': 1, 'x2': 0, 'y2': 0, 'width2': 1, 'height2': 1, 'rotation_x': 0, 'rotation_y': 0, 'rotation_angle': 0, 'decal': False, 'ghost': False, 'stepped': False, 'nub': False, 'profile': '', 'sm': '', 'sb': '', 'st': ''}, {'color': '#cccccc', 'labels': ['Tab'], 'textColor': [], 'textSize': [], 'default': {'textColor': '#000000', 'textSize': 3}, 'x': 0, 'y': 2.25, 'width': 1.25, 'height': 1, 'x2': 0, 'y2': 0, 'width2': 1.25, 'height2': 1, 'rotation_x': 0, 'rotation_y': 0, 'rotation_angle': 0, 'decal': False, 'ghost': False, 'stepped': False, 'nub': False, 'profile': '', 'sm': '', 'sb': '', 'st': ''}, {'color': '#cccccc', 'labels': ['A'], 'textColor': [], 'textSize': [], 'default': {'textColor': '#000000', 'textSize': 3}, 'x': 1.25, 'y': 2.25, 'width': 1, 'height': 1, 'x2': 0, 'y2': 0, 'width2': 1, 'height2': 1, 'rotation_x': 0, 'rotation_y': 0, 'rotation_angle': 0, 'decal': False, 'ghost': False, 'stepped': False, 'nub': False, 'profile': '', 'sm': '', 'sb': '', 'st': ''}, {'color': '#cccccc', 'labels': ['S'], 'textColor': [], 'textSize': [], 'default': {'textColor': '#000000', 'textSize': 3}, 'x': 2.25, 'y': 2.25, 'width': 1, 'height': 1, 'x2': 0, 'y2': 0, 'width2': 1, 'height2': 1, 'rotation_x': 0, 'rotation_y': 0, 'rotation_angle': 0, 'decal': False, 'ghost': False, 'stepped': False, 'nub': False, 'profile': '', 'sm': '', 'sb': '', 'st': ''}, {'color': '#cccccc', 'labels': ['D'], 'textColor': [], 'textSize': [], 'default': {'textColor': '#000000', 'textSize': 3}, 'x': 3.25, 'y': 2.25, 'width': 1, 'height': 1, 'x2': 0, 'y2': 0, 'width2': 1, 'height2': 1, 'rotation_x': 0, 'rotation_y': 0, 'rotation_angle': 0, 'decal': False, 'ghost': False, 'stepped': False, 'nub': False, 'profile': '', 'sm': '', 'sb': '', 'st': ''}, {'color': '#cccccc', 'labels': ['F'], 'textColor': [], 'textSize': [], 'default': {'textColor': '#000000', 'textSize': 3}, 'x': 4.25, 'y': 2.25, 'width': 1, 'height': 1, 'x2': 0, 'y2': 0, 'width2': 1, 'height2': 1, 'rotation_x': 0, 'rotation_y': 0, 'rotation_angle': 0, 'decal': False, 'ghost': False, 'stepped': False, 'nub': False, 'profile': '', 'sm': '', 'sb': '', 'st': ''}, {'color': '#cccccc', 'labels': ['G'], 'textColor': [], 'textSize': [], 'default': {'textColor': '#000000', 'textSize': 3}, 'x': 5.25, 'y': 2.25, 'width': 1, 'height': 1, 'x2': 0, 'y2': 0, 'width2': 1, 'height2': 1, 'rotation_x': 0, 'rotation_y': 0, 'rotation_angle': 0, 'decal': False, 'ghost': False, 'stepped': False, 'nub': False, 'profile': '', 'sm': '', 'sb': '', 'st': ''}, {'color': '#cccccc', 'labels': ['H'], 'textColor': [], 'textSize': [], 'default': {'textColor': '#000000', 'textSize': 3}, 'x': 6.25, 'y': 2.25, 'width': 1, 'height': 1, 'x2': 0, 'y2': 0, 'width2': 1, 'height2': 1, 'rotation_x': 0, 'rotation_y': 0, 'rotation_angle': 0, 'decal': False, 'ghost': False, 'stepped': False, 'nub': False, 'profile': '', 'sm': '', 'sb': '', 'st': ''}, {'color': '#cccccc', 'labels': ['J'], 'textColor': [], 'textSize': [], 'default': {'textColor': '#000000', 'textSize': 3}, 'x': 7.25, 'y': 2.25, 'width': 1, 'height': 1, 'x2': 0, 'y2': 0, 'width2': 1, 'height2': 1, 'rotation_x': 0, 'rotation_y': 0, 'rotation_angle': 0, 'decal': False, 'ghost': False, 'stepped': False, 'nub': False, 'profile': '', 'sm': '', 'sb': '', 'st': ''}, {'color': '#cccccc', 'labels': ['K'], 'textColor': [], 'textSize': [], 'default': {'textColor': '#000000', 'textSize': 3}, 'x': 8.25, 'y': 2.25, 'width': 1, 'height': 1, 'x2': 0, 'y2': 0, 'width2': 1, 'height2': 1, 'rotation_x': 0, 'rotation_y': 0, 'rotation_angle': 0, 'decal': False, 'ghost': False, 'stepped': False, 'nub': False, 'profile': '', 'sm': '', 'sb': '', 'st': ''}, {'color': '#cccccc', 'labels': ['L'], 'textColor': [], 'textSize': [], 'default': {'textColor': '#000000', 'textSize': 3}, 'x': 9.25, 'y': 2.25, 'width': 1, 'height': 1, 'x2': 0, 'y2': 0, 'width2': 1, 'height2': 1, 'rotation_x': 0, 'rotation_y': 0, 'rotation_angle': 0, 'decal': False, 'ghost': False, 'stepped': False, 'nub': False, 'profile': '', 'sm': '', 'sb': '', 'st': ''}, {'color': '#cccccc', 'labels': [':', None, None, None, None, None, ';'], 'textColor': [], 'textSize': [], 'default': {'textColor': '#000000', 'textSize': 3}, 'x': 10.25, 'y': 2.25, 'width': 1, 'height': 1, 'x2': 0, 'y2': 0, 'width2': 1, 'height2': 1, 'rotation_x': 0, 'rotation_y': 0, 'rotation_angle': 0, 'decal': False, 'ghost': False, 'stepped': False, 'nub': False, 'profile': '', 'sm': '', 'sb': '', 'st': ''}, {'color': '#cccccc', 'labels': ['PgDn'], 'textColor': [], 'textSize': [], 'default': {'textColor': '#000000', 'textSize': 3}, 'x': 12.75, 'y': 2.25, 'width': 1, 'height': 1, 'x2': 0, 'y2': 0, 'width2': 1, 'height2': 1, 'rotation_x': 0, 'rotation_y': 0, 'rotation_angle': 0, 'decal': False, 'ghost': False, 'stepped': False, 'nub': False, 'profile': '', 'sm': '', 'sb': '', 'st': ''}, {'color': '#cccccc', 'labels': ['Shift'], 'textColor': [], 'textSize': [], 'default': {'textColor': '#000000', 'textSize': 3}, 'x': 0, 'y': 3.25, 'width': 1.5, 'height': 1, 'x2': 0, 'y2': 0, 'width2': 1.5, 'height2': 1, 'rotation_x': 0, 'rotation_y': 0, 'rotation_angle': 0, 'decal': False, 'ghost': False, 'stepped': False, 'nub': False, 'profile': '', 'sm': '', 'sb': '', 'st': ''}, {'color': '#cccccc', 'labels': ['Z'], 'textColor': [], 'textSize': [], 'default': {'textColor': '#000000', 'textSize': 3}, 'x': 1.5, 'y': 3.25, 'width': 1, 'height': 1, 'x2': 0, 'y2': 0, 'width2': 1, 'height2': 1, 'rotation_x': 0, 'rotation_y': 0, 'rotation_angle': 0, 'decal': False, 'ghost': False, 'stepped': False, 'nub': False, 'profile': '', 'sm': '', 'sb': '', 'st': ''}, {'color': '#cccccc', 'labels': ['X'], 'textColor': [], 'textSize': [], 'default': {'textColor': '#000000', 'textSize': 3}, 'x': 2.5, 'y': 3.25, 'width': 1, 'height': 1, 'x2': 0, 'y2': 0, 'width2': 1, 'height2': 1, 'rotation_x': 0, 'rotation_y': 0, 'rotation_angle': 0, 'decal': False, 'ghost': False, 'stepped': False, 'nub': False, 'profile': '', 'sm': '', 'sb': '', 'st': ''}, {'color': '#cccccc', 'labels': ['C'], 'textColor': [], 'textSize': [], 'default': {'textColor': '#000000', 'textSize': 3}, 'x': 3.5, 'y': 3.25, 'width': 1, 'height': 1, 'x2': 0, 'y2': 0, 'width2': 1, 'height2': 1, 'rotation_x': 0, 'rotation_y': 0, 'rotation_angle': 0, 'decal': False, 'ghost': False, 'stepped': False, 'nub': False, 'profile': '', 'sm': '', 'sb': '', 'st': ''}, {'color': '#cccccc', 'labels': ['V'], 'textColor': [], 'textSize': [], 'default': {'textColor': '#000000', 'textSize': 3}, 'x': 4.5, 'y': 3.25, 'width': 1, 'height': 1, 'x2': 0, 'y2': 0, 'width2': 1, 'height2': 1, 'rotation_x': 0, 'rotation_y': 0, 'rotation_angle': 0, 'decal': False, 'ghost': False, 'stepped': False, 'nub': False, 'profile': '', 'sm': '', 'sb': '', 'st': ''}, {'color': '#cccccc', 'labels': ['B'], 'textColor': [], 'textSize': [], 'default': {'textColor': '#000000', 'textSize': 3}, 'x': 5.5, 'y': 3.25, 'width': 1, 'height': 1, 'x2': 0, 'y2': 0, 'width2': 1, 'height2': 1, 'rotation_x': 0, 'rotation_y': 0, 'rotation_angle': 0, 'decal': False, 'ghost': False, 'stepped': False, 'nub': False, 'profile': '', 'sm': '', 'sb': '', 'st': ''}, {'color': '#cccccc', 'labels': ['N'], 'textColor': [], 'textSize': [], 'default': {'textColor': '#000000', 'textSize': 3}, 'x': 6.5, 'y': 3.25, 'width': 1, 'height': 1, 'x2': 0, 'y2': 0, 'width2': 1, 'height2': 1, 'rotation_x': 0, 'rotation_y': 0, 'rotation_angle': 0, 'decal': False, 'ghost': False, 'stepped': False, 'nub': False, 'profile': '', 'sm': '', 'sb': '', 'st': ''}, {'color': '#cccccc', 'labels': ['M'], 'textColor': [], 'textSize': [], 'default': {'textColor': '#000000', 'textSize': 3}, 'x': 7.5, 'y': 3.25, 'width': 1, 'height': 1, 'x2': 0, 'y2': 0, 'width2': 1, 'height2': 1, 'rotation_x': 0, 'rotation_y': 0, 'rotation_angle': 0, 'decal': False, 'ghost': False, 'stepped': False, 'nub': False, 'profile': '', 'sm': '', 'sb': '', 'st': ''}, {'color': '#cccccc', 'labels': ['<', None, None, None, None, None, ','], 'textColor': [], 'textSize': [], 'default': {'textColor': '#000000', 'textSize': 3}, 'x': 8.5, 'y': 3.25, 'width': 1, 'height': 1, 'x2': 0, 'y2': 0, 'width2': 1, 'height2': 1, 'rotation_x': 0, 'rotation_y': 0, 'rotation_angle': 0, 'decal': False, 'ghost': False, 'stepped': False, 'nub': False, 'profile': '', 'sm': '', 'sb': '', 'st': ''}, {'color': '#cccccc', 'labels': ['>', None, None, None, None, None, '.'], 'textColor': [], 'textSize': [], 'default': {'textColor': '#000000', 'textSize': 3}, 'x': 9.5, 'y': 3.25, 'width': 1, 'height': 1, 'x2': 0, 'y2': 0, 'width2': 1, 'height2': 1, 'rotation_x': 0, 'rotation_y': 0, 'rotation_angle': 0, 'decal': False, 'ghost': False, 'stepped': False, 'nub': False, 'profile': '', 'sm': '', 'sb': '', 'st': ''}, {'color': '#cccccc', 'labels': ['?', None, None, None, None, None, '/'], 'textColor': [], 'textSize': [], 'default': {'textColor': '#000000', 'textSize': 3}, 'x': 10.5, 'y': 3.25, 'width': 1, 'height': 1, 'x2': 0, 'y2': 0, 'width2': 1, 'height2': 1, 'rotation_x': 0, 'rotation_y': 0, 'rotation_angle': 0, 'decal': False, 'ghost': False, 'stepped': False, 'nub': False, 'profile': '', 'sm': '', 'sb': '', 'st': ''}, {'color': '#cccccc', 'labels': ['↑'], 'textColor': [], 'textSize': [], 'default': {'textColor': '#000000', 'textSize': 3}, 'x': 11.75, 'y': 3.5, 'width': 1, 'height': 1, 'x2': 0, 'y2': 0, 'width2': 1, 'height2': 1, 'rotation_x': 0, 'rotation_y': 0, 'rotation_angle': 0, 'decal': False, 'ghost': False, 'stepped': False, 'nub': False, 'profile': '', 'sm': '', 'sb': '', 'st': ''}, {'color': '#cccccc', 'labels': ['Ctrl'], 'textColor': [], 'textSize': [], 'default': {'textColor': '#000000', 'textSize': 3}, 'x': 0, 'y': 4.25, 'width': 1.25, 'height': 1, 'x2': 0, 'y2': 0, 'width2': 1.25, 'height2': 1, 'rotation_x': 0, 'rotation_y': 0, 'rotation_angle': 0, 'decal': False, 'ghost': False, 'stepped': False, 'nub': False, 'profile': '', 'sm': '', 'sb': '', 'st': ''}, {'color': '#cccccc', 'labels': ['Win'], 'textColor': [], 'textSize': [], 'default': {'textColor': '#000000', 'textSize': 3}, 'x': 1.25, 'y': 4.25, 'width': 1.25, 'height': 1, 'x2': 0, 'y2': 0, 'width2': 1.25, 'height2': 1, 'rotation_x': 0, 'rotation_y': 0, 'rotation_angle': 0, 'decal': False, 'ghost': False, 'stepped': False, 'nub': False, 'profile': '', 'sm': '', 'sb': '', 'st': ''}, {'color': '#cccccc', 'labels': ['Alt'], 'textColor': [], 'textSize': [], 'default': {'textColor': '#000000', 'textSize': 3}, 'x': 2.5, 'y': 4.25, 'width': 1.25, 'height': 1, 'x2': 0, 'y2': 0, 'width2': 1.25, 'height2': 1, 'rotation_x': 0, 'rotation_y': 0, 'rotation_angle': 0, 'decal': False, 'ghost': False, 'stepped': False, 'nub': False, 'profile': '', 'sm': '', 'sb': '', 'st': ''}, {'color': '#cccccc', 'labels': ['AltGr'], 'textColor': [], 'textSize': [], 'default': {'textColor': '#000000', 'textSize': 3}, 'x': 9.25, 'y': 4.25, 'width': 1.25, 'height': 1, 'x2': 0, 'y2': 0, 'width2': 1.25, 'height2': 1, 'rotation_x': 0, 'rotation_y': 0, 'rotation_angle': 0, 'decal': False, 'ghost': False, 'stepped': False, 'nub': False, 'profile': '', 'sm': '', 'sb': '', 'st': ''}, {'color': '#cccccc', 'labels': [], 'textColor': [], 'textSize': [], 'default': {'textColor': '#000000', 'textSize': 3}, 'x': 4, 'y': 4.5, 'width': 2.75, 'height': 1, 'x2': 0, 'y2': 0, 'width2': 2.75, 'height2': 1, 'rotation_x': 0, 'rotation_y': 0, 'rotation_angle': 0, 'decal': False, 'ghost': False, 'stepped': False, 'nub': False, 'profile': '', 'sm': '', 'sb': '', 'st': ''}, {'color': '#cccccc', 'labels': ['Shift'], 'textColor': [], 'textSize': [], 'default': {'textColor': '#000000', 'textSize': 3}, 'x': 6.75, 'y': 4.5, 'width': 2.25, 'height': 1, 'x2': 0, 'y2': 0, 'width2': 2.25, 'height2': 1, 'rotation_x': 0, 'rotation_y': 0, 'rotation_angle': 0, 'decal': False, 'ghost': False, 'stepped': False, 'nub': False, 'profile': '', 'sm': '', 'sb': '', 'st': ''}, {'color': '#cccccc', 'labels': ['←'], 'textColor': [], 'textSize': [], 'default': {'textColor': '#000000', 'textSize': 3}, 'x': 10.75, 'y': 4.5, 'width': 1, 'height': 1, 'x2': 0, 'y2': 0, 'width2': 1, 'height2': 1, 'rotation_x': 0, 'rotation_y': 0, 'rotation_angle': 0, 'decal': False, 'ghost': False, 'stepped': False, 'nub': False, 'profile': '', 'sm': '', 'sb': '', 'st': ''}, {'color': '#cccccc', 'labels': ['↓'], 'textColor': [], 'textSize': [], 'default': {'textColor': '#000000', 'textSize': 3}, 'x': 11.75, 'y': 4.5, 'width': 1, 'height': 1, 'x2': 0, 'y2': 0, 'width2': 1, 'height2': 1, 'rotation_x': 0, 'rotation_y': 0, 'rotation_angle': 0, 'decal': False, 'ghost': False, 'stepped': False, 'nub': False, 'profile': '', 'sm': '', 'sb': '', 'st': ''}, {'color': '#cccccc', 'labels': ['→'], 'textColor': [], 'textSize': [], 'default': {'textColor': '#000000', 'textSize': 3}, 'x': 12.75, 'y': 4.5, 'width': 1, 'height': 1, 'x2': 0, 'y2': 0, 'width2': 1, 'height2': 1, 'rotation_x': 0, 'rotation_y': 0, 'rotation_angle': 0, 'decal': False, 'ghost': False, 'stepped': False, 'nub': False, 'profile': '', 'sm': '', 'sb': '', 'st': ''}]}
21:55:32 com_github_adamws_kicad-kbplacer.kbplacer_plugin_action 35: Searching for MX1 footprint
21:55:32 com_github_adamws_kicad-kbplacer.kbplacer_plugin_action 35: Searching for D1 footprint
21:55:32 com_github_adamws_kicad-kbplacer.kbplacer_plugin_action 61: Getting MX1 footprint position: (34525000, 34525000)
21:55:32 com_github_adamws_kicad-kbplacer.kbplacer_plugin_action 61: Getting D1 footprint position: (43000000, 35000000)
21:55:32 com_github_adamws_kicad-kbplacer.kbplacer_plugin_action 279: Diode position: DiodePosition(relative_position=Point(x=8.475, y=0.475), orientation=90.0, side=<Side.BACK: True>)
21:55:32 com_github_adamws_kicad-kbplacer.kbplacer_plugin_action 35: Searching for MX1 footprint
21:55:32 com_github_adamws_kicad-kbplacer.kbplacer_plugin_action 46: Setting MX1 footprint position: (34525000, 34525000)
21:55:32 com_github_adamws_kicad-kbplacer.kbplacer_plugin_action 35: Searching for D1 footprint
21:55:32 com_github_adamws_kicad-kbplacer.kbplacer_plugin_action 46: Setting D1 footprint position: (43000000, 35000000)
21:55:32 com_github_adamws_kicad-kbplacer.kbplacer_plugin_action 347: Switch pad without recognized net name found.
21:55:32 com_github_adamws_kicad-kbplacer.kbplacer_plugin_action 356: Switch pad without recognized net name found.
21:55:32 com_github_adamws_kicad-kbplacer.kbplacer_plugin_action 35: Searching for MX2 footprint
21:55:32 com_github_adamws_kicad-kbplacer.kbplacer_plugin_action 46: Setting MX2 footprint position: (53575000, 34525000)
21:55:32 com_github_adamws_kicad-kbplacer.kbplacer_plugin_action 35: Searching for D2 footprint
21:55:32 com_github_adamws_kicad-kbplacer.kbplacer_plugin_action 46: Setting D2 footprint position: (62050000, 35000000)
21:55:32 com_github_adamws_kicad-kbplacer.kbplacer_plugin_action 347: Switch pad without recognized net name found.
21:55:32 com_github_adamws_kicad-kbplacer.kbplacer_plugin_action 356: Switch pad without recognized net name found.
21:55:32 com_github_adamws_kicad-kbplacer.kbplacer_plugin_action 35: Searching for MX3 footprint
21:55:32 com_github_adamws_kicad-kbplacer.kbplacer_plugin_action 46: Setting MX3 footprint position: (72625000, 34525000)
21:55:32 com_github_adamws_kicad-kbplacer.kbplacer_plugin_action 35: Searching for D3 footprint
21:55:32 com_github_adamws_kicad-kbplacer.kbplacer_plugin_action 46: Setting D3 footprint position: (81100000, 35000000)
21:55:32 com_github_adamws_kicad-kbplacer.kbplacer_plugin_action 347: Switch pad without recognized net name found.
21:55:32 com_github_adamws_kicad-kbplacer.kbplacer_plugin_action 356: Switch pad without recognized net name found.
21:55:32 com_github_adamws_kicad-kbplacer.kbplacer_plugin_action 35: Searching for MX4 footprint
21:55:32 com_github_adamws_kicad-kbplacer.kbplacer_plugin_action 46: Setting MX4 footprint position: (91675000, 34525000)
21:55:32 com_github_adamws_kicad-kbplacer.kbplacer_plugin_action 35: Searching for D4 footprint
21:55:32 com_github_adamws_kicad-kbplacer.kbplacer_plugin_action 46: Setting D4 footprint position: (100150000, 35000000)
21:55:32 com_github_adamws_kicad-kbplacer.kbplacer_plugin_action 347: Switch pad without recognized net name found.
21:55:32 com_github_adamws_kicad-kbplacer.kbplacer_plugin_action 356: Switch pad without recognized net name found.
21:55:32 com_github_adamws_kicad-kbplacer.kbplacer_plugin_action 35: Searching for MX5 footprint
21:55:32 com_github_adamws_kicad-kbplacer.kbplacer_plugin_action 46: Setting MX5 footprint position: (115487500, 34525000)
21:55:32 com_github_adamws_kicad-kbplacer.kbplacer_plugin_action 35: Searching for D5 footprint
21:55:32 com_github_adamws_kicad-kbplacer.kbplacer_plugin_action 46: Setting D5 footprint position: (123962500, 35000000)
21:55:32 com_github_adamws_kicad-kbplacer.kbplacer_plugin_action 347: Switch pad without recognized net name found.
21:55:32 com_github_adamws_kicad-kbplacer.kbplacer_plugin_action 356: Switch pad without recognized net name found.
21:55:32 com_github_adamws_kicad-kbplacer.kbplacer_plugin_action 35: Searching for MX6 footprint
21:55:32 com_github_adamws_kicad-kbplacer.kbplacer_plugin_action 46: Setting MX6 footprint position: (134537500, 34525000)
21:55:32 com_github_adamws_kicad-kbplacer.kbplacer_plugin_action 35: Searching for D6 footprint
21:55:32 com_github_adamws_kicad-kbplacer.kbplacer_plugin_action 46: Setting D6 footprint position: (143012500, 35000000)
21:55:32 com_github_adamws_kicad-kbplacer.kbplacer_plugin_action 347: Switch pad without recognized net name found.
21:55:32 com_github_adamws_kicad-kbplacer.kbplacer_plugin_action 356: Switch pad without recognized net name found.
21:55:32 com_github_adamws_kicad-kbplacer.kbplacer_plugin_action 35: Searching for MX7 footprint
21:55:32 com_github_adamws_kicad-kbplacer.kbplacer_plugin_action 46: Setting MX7 footprint position: (153587500, 34525000)
21:55:32 com_github_adamws_kicad-kbplacer.kbplacer_plugin_action 35: Searching for D7 footprint
21:55:32 com_github_adamws_kicad-kbplacer.kbplacer_plugin_action 46: Setting D7 footprint position: (162062500, 35000000)
21:55:32 com_github_adamws_kicad-kbplacer.kbplacer_plugin_action 347: Switch pad without recognized net name found.
21:55:32 com_github_adamws_kicad-kbplacer.kbplacer_plugin_action 356: Switch pad without recognized net name found.
21:55:32 com_github_adamws_kicad-kbplacer.kbplacer_plugin_action 35: Searching for MX8 footprint
21:55:32 com_github_adamws_kicad-kbplacer.kbplacer_plugin_action 46: Setting MX8 footprint position: (172637500, 34525000)
21:55:32 com_github_adamws_kicad-kbplacer.kbplacer_plugin_action 35: Searching for D8 footprint
21:55:32 com_github_adamws_kicad-kbplacer.kbplacer_plugin_action 46: Setting D8 footprint position: (181112500, 35000000)
21:55:32 com_github_adamws_kicad-kbplacer.kbplacer_plugin_action 347: Switch pad without recognized net name found.
21:55:32 com_github_adamws_kicad-kbplacer.kbplacer_plugin_action 356: Switch pad without recognized net name found.
21:55:32 com_github_adamws_kicad-kbplacer.kbplacer_plugin_action 35: Searching for MX9 footprint
21:55:32 com_github_adamws_kicad-kbplacer.kbplacer_plugin_action 46: Setting MX9 footprint position: (196450000, 34525000)
21:55:32 com_github_adamws_kicad-kbplacer.kbplacer_plugin_action 35: Searching for D9 footprint
21:55:32 com_github_adamws_kicad-kbplacer.kbplacer_plugin_action 46: Setting D9 footprint position: (204925000, 35000000)
21:55:32 com_github_adamws_kicad-kbplacer.kbplacer_plugin_action 347: Switch pad without recognized net name found.
21:55:32 com_github_adamws_kicad-kbplacer.kbplacer_plugin_action 356: Switch pad without recognized net name found.
21:55:32 com_github_adamws_kicad-kbplacer.kbplacer_plugin_action 35: Searching for MX10 footprint
21:55:32 com_github_adamws_kicad-kbplacer.kbplacer_plugin_action 46: Setting MX10 footprint position: (215500000, 34525000)
21:55:32 com_github_adamws_kicad-kbplacer.kbplacer_plugin_action 35: Searching for D10 footprint
21:55:32 com_github_adamws_kicad-kbplacer.kbplacer_plugin_action 46: Setting D10 footprint position: (223975000, 35000000)
21:55:32 com_github_adamws_kicad-kbplacer.kbplacer_plugin_action 347: Switch pad without recognized net name found.
21:55:32 com_github_adamws_kicad-kbplacer.kbplacer_plugin_action 356: Switch pad without recognized net name found.
21:55:32 com_github_adamws_kicad-kbplacer.kbplacer_plugin_action 35: Searching for MX11 footprint
21:55:32 com_github_adamws_kicad-kbplacer.kbplacer_plugin_action 46: Setting MX11 footprint position: (234550000, 34525000)
21:55:32 com_github_adamws_kicad-kbplacer.kbplacer_plugin_action 35: Searching for D11 footprint
21:55:32 com_github_adamws_kicad-kbplacer.kbplacer_plugin_action 46: Setting D11 footprint position: (243025000, 35000000)
21:55:32 com_github_adamws_kicad-kbplacer.kbplacer_plugin_action 347: Switch pad without recognized net name found.
21:55:32 com_github_adamws_kicad-kbplacer.kbplacer_plugin_action 356: Switch pad without recognized net name found.
21:55:32 com_github_adamws_kicad-kbplacer.kbplacer_plugin_action 35: Searching for MX12 footprint
21:55:32 com_github_adamws_kicad-kbplacer.kbplacer_plugin_action 46: Setting MX12 footprint position: (253600000, 34525000)
21:55:32 com_github_adamws_kicad-kbplacer.kbplacer_plugin_action 35: Searching for D12 footprint
21:55:32 com_github_adamws_kicad-kbplacer.kbplacer_plugin_action 46: Setting D12 footprint position: (262075000, 35000000)
21:55:32 com_github_adamws_kicad-kbplacer.kbplacer_plugin_action 347: Switch pad without recognized net name found.
21:55:32 com_github_adamws_kicad-kbplacer.kbplacer_plugin_action 356: Switch pad without recognized net name found.
21:55:32 com_github_adamws_kicad-kbplacer.kbplacer_plugin_action 35: Searching for MX13 footprint
21:55:32 com_github_adamws_kicad-kbplacer.kbplacer_plugin_action 46: Setting MX13 footprint position: (277412500, 34525000)
21:55:32 com_github_adamws_kicad-kbplacer.kbplacer_plugin_action 35: Searching for D13 footprint
21:55:32 com_github_adamws_kicad-kbplacer.kbplacer_plugin_action 46: Setting D13 footprint position: (285887500, 35000000)
21:55:32 com_github_adamws_kicad-kbplacer.kbplacer_plugin_action 347: Switch pad without recognized net name found.
21:55:32 com_github_adamws_kicad-kbplacer.kbplacer_plugin_action 356: Switch pad without recognized net name found.
21:55:32 com_github_adamws_kicad-kbplacer.kbplacer_plugin_action 35: Searching for MX14 footprint
21:55:32 com_github_adamws_kicad-kbplacer.kbplacer_plugin_action 46: Setting MX14 footprint position: (34525000, 58337500)
21:55:32 com_github_adamws_kicad-kbplacer.kbplacer_plugin_action 35: Searching for D14 footprint
21:55:32 com_github_adamws_kicad-kbplacer.kbplacer_plugin_action 46: Setting D14 footprint position: (43000000, 58812500)
21:55:32 com_github_adamws_kicad-kbplacer.kbplacer_plugin_action 347: Switch pad without recognized net name found.
21:55:32 com_github_adamws_kicad-kbplacer.kbplacer_plugin_action 356: Switch pad without recognized net name found.
21:55:32 com_github_adamws_kicad-kbplacer.kbplacer_plugin_action 35: Searching for MX15 footprint
21:55:32 com_github_adamws_kicad-kbplacer.kbplacer_plugin_action 46: Setting MX15 footprint position: (53575000, 58337500)
21:55:32 com_github_adamws_kicad-kbplacer.kbplacer_plugin_action 35: Searching for D15 footprint
21:55:32 com_github_adamws_kicad-kbplacer.kbplacer_plugin_action 46: Setting D15 footprint position: (62050000, 58812500)
21:55:32 com_github_adamws_kicad-kbplacer.kbplacer_plugin_action 347: Switch pad without recognized net name found.
21:55:32 com_github_adamws_kicad-kbplacer.kbplacer_plugin_action 356: Switch pad without recognized net name found.
21:55:32 com_github_adamws_kicad-kbplacer.kbplacer_plugin_action 35: Searching for MX16 footprint
21:55:32 com_github_adamws_kicad-kbplacer.kbplacer_plugin_action 46: Setting MX16 footprint position: (72625000, 58337500)
21:55:32 com_github_adamws_kicad-kbplacer.kbplacer_plugin_action 35: Searching for D16 footprint
21:55:32 com_github_adamws_kicad-kbplacer.kbplacer_plugin_action 46: Setting D16 footprint position: (81100000, 58812500)
21:55:32 com_github_adamws_kicad-kbplacer.kbplacer_plugin_action 347: Switch pad without recognized net name found.
21:55:32 com_github_adamws_kicad-kbplacer.kbplacer_plugin_action 356: Switch pad without recognized net name found.
21:55:32 com_github_adamws_kicad-kbplacer.kbplacer_plugin_action 35: Searching for MX17 footprint
21:55:32 com_github_adamws_kicad-kbplacer.kbplacer_plugin_action 46: Setting MX17 footprint position: (91675000, 58337500)
21:55:32 com_github_adamws_kicad-kbplacer.kbplacer_plugin_action 35: Searching for D17 footprint
21:55:32 com_github_adamws_kicad-kbplacer.kbplacer_plugin_action 46: Setting D17 footprint position: (100150000, 58812500)
21:55:32 com_github_adamws_kicad-kbplacer.kbplacer_plugin_action 347: Switch pad without recognized net name found.
21:55:32 com_github_adamws_kicad-kbplacer.kbplacer_plugin_action 356: Switch pad without recognized net name found.
21:55:32 com_github_adamws_kicad-kbplacer.kbplacer_plugin_action 35: Searching for MX18 footprint
21:55:32 com_github_adamws_kicad-kbplacer.kbplacer_plugin_action 46: Setting MX18 footprint position: (110725000, 58337500)
21:55:32 com_github_adamws_kicad-kbplacer.kbplacer_plugin_action 35: Searching for D18 footprint
21:55:32 com_github_adamws_kicad-kbplacer.kbplacer_plugin_action 46: Setting D18 footprint position: (119200000, 58812500)
21:55:32 com_github_adamws_kicad-kbplacer.kbplacer_plugin_action 347: Switch pad without recognized net name found.
21:55:32 com_github_adamws_kicad-kbplacer.kbplacer_plugin_action 356: Switch pad without recognized net name found.
21:55:32 com_github_adamws_kicad-kbplacer.kbplacer_plugin_action 35: Searching for MX19 footprint
21:55:32 com_github_adamws_kicad-kbplacer.kbplacer_plugin_action 46: Setting MX19 footprint position: (129775000, 58337500)
21:55:32 com_github_adamws_kicad-kbplacer.kbplacer_plugin_action 35: Searching for D19 footprint
21:55:32 com_github_adamws_kicad-kbplacer.kbplacer_plugin_action 46: Setting D19 footprint position: (138250000, 58812500)
21:55:32 com_github_adamws_kicad-kbplacer.kbplacer_plugin_action 347: Switch pad without recognized net name found.
21:55:32 com_github_adamws_kicad-kbplacer.kbplacer_plugin_action 356: Switch pad without recognized net name found.
21:55:32 com_github_adamws_kicad-kbplacer.kbplacer_plugin_action 35: Searching for MX20 footprint
21:55:32 com_github_adamws_kicad-kbplacer.kbplacer_plugin_action 46: Setting MX20 footprint position: (148825000, 58337500)
21:55:32 com_github_adamws_kicad-kbplacer.kbplacer_plugin_action 35: Searching for D20 footprint
21:55:32 com_github_adamws_kicad-kbplacer.kbplacer_plugin_action 46: Setting D20 footprint position: (157300000, 58812500)
21:55:32 com_github_adamws_kicad-kbplacer.kbplacer_plugin_action 347: Switch pad without recognized net name found.
21:55:32 com_github_adamws_kicad-kbplacer.kbplacer_plugin_action 356: Switch pad without recognized net name found.
21:55:32 com_github_adamws_kicad-kbplacer.kbplacer_plugin_action 35: Searching for MX21 footprint
21:55:32 com_github_adamws_kicad-kbplacer.kbplacer_plugin_action 46: Setting MX21 footprint position: (167875000, 58337500)
21:55:32 com_github_adamws_kicad-kbplacer.kbplacer_plugin_action 35: Searching for D21 footprint
21:55:32 com_github_adamws_kicad-kbplacer.kbplacer_plugin_action 46: Setting D21 footprint position: (176350000, 58812500)
21:55:32 com_github_adamws_kicad-kbplacer.kbplacer_plugin_action 347: Switch pad without recognized net name found.
21:55:32 com_github_adamws_kicad-kbplacer.kbplacer_plugin_action 356: Switch pad without recognized net name found.
21:55:32 com_github_adamws_kicad-kbplacer.kbplacer_plugin_action 35: Searching for MX22 footprint
21:55:32 com_github_adamws_kicad-kbplacer.kbplacer_plugin_action 46: Setting MX22 footprint position: (186925000, 58337500)
21:55:32 com_github_adamws_kicad-kbplacer.kbplacer_plugin_action 35: Searching for D22 footprint
21:55:32 com_github_adamws_kicad-kbplacer.kbplacer_plugin_action 46: Setting D22 footprint position: (195400000, 58812500)
21:55:32 com_github_adamws_kicad-kbplacer.kbplacer_plugin_action 347: Switch pad without recognized net name found.
21:55:32 com_github_adamws_kicad-kbplacer.kbplacer_plugin_action 356: Switch pad without recognized net name found.
21:55:32 com_github_adamws_kicad-kbplacer.kbplacer_plugin_action 35: Searching for MX23 footprint
21:55:32 com_github_adamws_kicad-kbplacer.kbplacer_plugin_action 46: Setting MX23 footprint position: (205975000, 58337500)
21:55:32 com_github_adamws_kicad-kbplacer.kbplacer_plugin_action 35: Searching for D23 footprint
21:55:32 com_github_adamws_kicad-kbplacer.kbplacer_plugin_action 46: Setting D23 footprint position: (214450000, 58812500)
21:55:32 com_github_adamws_kicad-kbplacer.kbplacer_plugin_action 347: Switch pad without recognized net name found.
21:55:32 com_github_adamws_kicad-kbplacer.kbplacer_plugin_action 356: Switch pad without recognized net name found.
21:55:32 com_github_adamws_kicad-kbplacer.kbplacer_plugin_action 35: Searching for MX24 footprint
21:55:32 com_github_adamws_kicad-kbplacer.kbplacer_plugin_action 46: Setting MX24 footprint position: (225025000, 58337500)
21:55:32 com_github_adamws_kicad-kbplacer.kbplacer_plugin_action 35: Searching for D24 footprint
21:55:32 com_github_adamws_kicad-kbplacer.kbplacer_plugin_action 46: Setting D24 footprint position: (233500000, 58812500)
21:55:32 com_github_adamws_kicad-kbplacer.kbplacer_plugin_action 347: Switch pad without recognized net name found.
21:55:32 com_github_adamws_kicad-kbplacer.kbplacer_plugin_action 356: Switch pad without recognized net name found.
21:55:32 com_github_adamws_kicad-kbplacer.kbplacer_plugin_action 35: Searching for MX25 footprint
21:55:32 com_github_adamws_kicad-kbplacer.kbplacer_plugin_action 46: Setting MX25 footprint position: (251218750, 67862500)
21:55:32 com_github_adamws_kicad-kbplacer.kbplacer_plugin_action 46: Setting S25 footprint position: (251218750, 67862500)
21:55:32 com_github_adamws_kicad-kbplacer.kbplacer_plugin_action 35: Searching for D25 footprint
21:55:32 com_github_adamws_kicad-kbplacer.kbplacer_plugin_action 46: Setting D25 footprint position: (259693750, 68337500)
21:55:32 com_github_adamws_kicad-kbplacer.kbplacer_plugin_action 347: Switch pad without recognized net name found.
21:55:32 com_github_adamws_kicad-kbplacer.kbplacer_plugin_action 356: Switch pad without recognized net name found.
21:55:32 com_github_adamws_kicad-kbplacer.kbplacer_plugin_action 35: Searching for MX26 footprint
21:55:32 com_github_adamws_kicad-kbplacer.kbplacer_plugin_action 46: Setting MX26 footprint position: (277412500, 58337500)
21:55:32 com_github_adamws_kicad-kbplacer.kbplacer_plugin_action 35: Searching for D26 footprint
21:55:32 com_github_adamws_kicad-kbplacer.kbplacer_plugin_action 46: Setting D26 footprint position: (285887500, 58812500)
21:55:32 com_github_adamws_kicad-kbplacer.kbplacer_plugin_action 347: Switch pad without recognized net name found.
21:55:32 com_github_adamws_kicad-kbplacer.kbplacer_plugin_action 356: Switch pad without recognized net name found.
21:55:32 com_github_adamws_kicad-kbplacer.kbplacer_plugin_action 35: Searching for MX27 footprint
21:55:32 com_github_adamws_kicad-kbplacer.kbplacer_plugin_action 46: Setting MX27 footprint position: (36906250, 77387500)
21:55:32 com_github_adamws_kicad-kbplacer.kbplacer_plugin_action 35: Searching for D27 footprint
21:55:32 com_github_adamws_kicad-kbplacer.kbplacer_plugin_action 46: Setting D27 footprint position: (45381250, 77862500)
21:55:32 com_github_adamws_kicad-kbplacer.kbplacer_plugin_action 347: Switch pad without recognized net name found.
21:55:32 com_github_adamws_kicad-kbplacer.kbplacer_plugin_action 356: Switch pad without recognized net name found.
21:55:32 com_github_adamws_kicad-kbplacer.kbplacer_plugin_action 35: Searching for MX28 footprint
21:55:32 com_github_adamws_kicad-kbplacer.kbplacer_plugin_action 46: Setting MX28 footprint position: (58337500, 77387500)
21:55:32 com_github_adamws_kicad-kbplacer.kbplacer_plugin_action 35: Searching for D28 footprint
21:55:32 com_github_adamws_kicad-kbplacer.kbplacer_plugin_action 46: Setting D28 footprint position: (66812500, 77862500)
21:55:32 com_github_adamws_kicad-kbplacer.kbplacer_plugin_action 347: Switch pad without recognized net name found.
21:55:32 com_github_adamws_kicad-kbplacer.kbplacer_plugin_action 356: Switch pad without recognized net name found.
21:55:32 com_github_adamws_kicad-kbplacer.kbplacer_plugin_action 35: Searching for MX29 footprint
21:55:32 com_github_adamws_kicad-kbplacer.kbplacer_plugin_action 46: Setting MX29 footprint position: (77387500, 77387500)
21:55:32 com_github_adamws_kicad-kbplacer.kbplacer_plugin_action 35: Searching for D29 footprint
21:55:32 com_github_adamws_kicad-kbplacer.kbplacer_plugin_action 46: Setting D29 footprint position: (85862500, 77862500)
21:55:32 com_github_adamws_kicad-kbplacer.kbplacer_plugin_action 347: Switch pad without recognized net name found.
21:55:32 com_github_adamws_kicad-kbplacer.kbplacer_plugin_action 356: Switch pad without recognized net name found.
21:55:32 com_github_adamws_kicad-kbplacer.kbplacer_plugin_action 35: Searching for MX30 footprint
21:55:32 com_github_adamws_kicad-kbplacer.kbplacer_plugin_action 46: Setting MX30 footprint position: (96437500, 77387500)
21:55:32 com_github_adamws_kicad-kbplacer.kbplacer_plugin_action 35: Searching for D30 footprint
21:55:32 com_github_adamws_kicad-kbplacer.kbplacer_plugin_action 46: Setting D30 footprint position: (104912500, 77862500)
21:55:32 com_github_adamws_kicad-kbplacer.kbplacer_plugin_action 347: Switch pad without recognized net name found.
21:55:32 com_github_adamws_kicad-kbplacer.kbplacer_plugin_action 356: Switch pad without recognized net name found.
21:55:32 com_github_adamws_kicad-kbplacer.kbplacer_plugin_action 35: Searching for MX31 footprint
21:55:32 com_github_adamws_kicad-kbplacer.kbplacer_plugin_action 46: Setting MX31 footprint position: (115487500, 77387500)
21:55:32 com_github_adamws_kicad-kbplacer.kbplacer_plugin_action 35: Searching for D31 footprint
21:55:32 com_github_adamws_kicad-kbplacer.kbplacer_plugin_action 46: Setting D31 footprint position: (123962500, 77862500)
21:55:32 com_github_adamws_kicad-kbplacer.kbplacer_plugin_action 347: Switch pad without recognized net name found.
21:55:32 com_github_adamws_kicad-kbplacer.kbplacer_plugin_action 356: Switch pad without recognized net name found.
21:55:32 com_github_adamws_kicad-kbplacer.kbplacer_plugin_action 35: Searching for MX32 footprint
21:55:32 com_github_adamws_kicad-kbplacer.kbplacer_plugin_action 46: Setting MX32 footprint position: (134537500, 77387500)
21:55:32 com_github_adamws_kicad-kbplacer.kbplacer_plugin_action 35: Searching for D32 footprint
21:55:32 com_github_adamws_kicad-kbplacer.kbplacer_plugin_action 46: Setting D32 footprint position: (143012500, 77862500)
21:55:32 com_github_adamws_kicad-kbplacer.kbplacer_plugin_action 347: Switch pad without recognized net name found.
21:55:32 com_github_adamws_kicad-kbplacer.kbplacer_plugin_action 356: Switch pad without recognized net name found.
21:55:32 com_github_adamws_kicad-kbplacer.kbplacer_plugin_action 35: Searching for MX33 footprint
21:55:32 com_github_adamws_kicad-kbplacer.kbplacer_plugin_action 46: Setting MX33 footprint position: (153587500, 77387500)
21:55:32 com_github_adamws_kicad-kbplacer.kbplacer_plugin_action 35: Searching for D33 footprint
21:55:32 com_github_adamws_kicad-kbplacer.kbplacer_plugin_action 46: Setting D33 footprint position: (162062500, 77862500)
21:55:32 com_github_adamws_kicad-kbplacer.kbplacer_plugin_action 347: Switch pad without recognized net name found.
21:55:32 com_github_adamws_kicad-kbplacer.kbplacer_plugin_action 356: Switch pad without recognized net name found.
21:55:32 com_github_adamws_kicad-kbplacer.kbplacer_plugin_action 35: Searching for MX34 footprint
21:55:32 com_github_adamws_kicad-kbplacer.kbplacer_plugin_action 46: Setting MX34 footprint position: (172637500, 77387500)
21:55:32 com_github_adamws_kicad-kbplacer.kbplacer_plugin_action 35: Searching for D34 footprint
21:55:32 com_github_adamws_kicad-kbplacer.kbplacer_plugin_action 46: Setting D34 footprint position: (181112500, 77862500)
21:55:32 com_github_adamws_kicad-kbplacer.kbplacer_plugin_action 347: Switch pad without recognized net name found.
21:55:32 com_github_adamws_kicad-kbplacer.kbplacer_plugin_action 356: Switch pad without recognized net name found.
21:55:32 com_github_adamws_kicad-kbplacer.kbplacer_plugin_action 35: Searching for MX35 footprint
21:55:32 com_github_adamws_kicad-kbplacer.kbplacer_plugin_action 46: Setting MX35 footprint position: (191687500, 77387500)
21:55:32 com_github_adamws_kicad-kbplacer.kbplacer_plugin_action 35: Searching for D35 footprint
21:55:32 com_github_adamws_kicad-kbplacer.kbplacer_plugin_action 46: Setting D35 footprint position: (200162500, 77862500)
21:55:32 com_github_adamws_kicad-kbplacer.kbplacer_plugin_action 347: Switch pad without recognized net name found.
21:55:32 com_github_adamws_kicad-kbplacer.kbplacer_plugin_action 356: Switch pad without recognized net name found.
21:55:32 com_github_adamws_kicad-kbplacer.kbplacer_plugin_action 35: Searching for MX36 footprint
21:55:32 com_github_adamws_kicad-kbplacer.kbplacer_plugin_action 46: Setting MX36 footprint position: (210737500, 77387500)
21:55:32 com_github_adamws_kicad-kbplacer.kbplacer_plugin_action 35: Searching for D36 footprint
21:55:32 com_github_adamws_kicad-kbplacer.kbplacer_plugin_action 46: Setting D36 footprint position: (219212500, 77862500)
21:55:32 com_github_adamws_kicad-kbplacer.kbplacer_plugin_action 347: Switch pad without recognized net name found.
21:55:32 com_github_adamws_kicad-kbplacer.kbplacer_plugin_action 356: Switch pad without recognized net name found.
21:55:32 com_github_adamws_kicad-kbplacer.kbplacer_plugin_action 35: Searching for MX37 footprint
21:55:32 com_github_adamws_kicad-kbplacer.kbplacer_plugin_action 46: Setting MX37 footprint position: (229787500, 77387500)
21:55:32 com_github_adamws_kicad-kbplacer.kbplacer_plugin_action 35: Searching for D37 footprint
21:55:32 com_github_adamws_kicad-kbplacer.kbplacer_plugin_action 46: Setting D37 footprint position: (238262500, 77862500)
21:55:32 com_github_adamws_kicad-kbplacer.kbplacer_plugin_action 347: Switch pad without recognized net name found.
21:55:32 com_github_adamws_kicad-kbplacer.kbplacer_plugin_action 356: Switch pad without recognized net name found.
21:55:32 com_github_adamws_kicad-kbplacer.kbplacer_plugin_action 35: Searching for MX38 footprint
21:55:32 com_github_adamws_kicad-kbplacer.kbplacer_plugin_action 46: Setting MX38 footprint position: (277412500, 77387500)
21:55:32 com_github_adamws_kicad-kbplacer.kbplacer_plugin_action 35: Searching for D38 footprint
21:55:32 com_github_adamws_kicad-kbplacer.kbplacer_plugin_action 46: Setting D38 footprint position: (285887500, 77862500)
21:55:32 com_github_adamws_kicad-kbplacer.kbplacer_plugin_action 347: Switch pad without recognized net name found.
21:55:32 com_github_adamws_kicad-kbplacer.kbplacer_plugin_action 356: Switch pad without recognized net name found.
21:55:32 com_github_adamws_kicad-kbplacer.kbplacer_plugin_action 35: Searching for MX39 footprint
21:55:32 com_github_adamws_kicad-kbplacer.kbplacer_plugin_action 46: Setting MX39 footprint position: (39287500, 96437500)
21:55:32 com_github_adamws_kicad-kbplacer.kbplacer_plugin_action 35: Searching for D39 footprint
21:55:32 com_github_adamws_kicad-kbplacer.kbplacer_plugin_action 46: Setting D39 footprint position: (47762500, 96912500)
21:55:32 com_github_adamws_kicad-kbplacer.kbplacer_plugin_action 347: Switch pad without recognized net name found.
21:55:32 com_github_adamws_kicad-kbplacer.kbplacer_plugin_action 356: Switch pad without recognized net name found.
21:55:32 com_github_adamws_kicad-kbplacer.kbplacer_plugin_action 35: Searching for MX40 footprint
21:55:32 com_github_adamws_kicad-kbplacer.kbplacer_plugin_action 46: Setting MX40 footprint position: (63100000, 96437500)
21:55:32 com_github_adamws_kicad-kbplacer.kbplacer_plugin_action 35: Searching for D40 footprint
21:55:32 com_github_adamws_kicad-kbplacer.kbplacer_plugin_action 46: Setting D40 footprint position: (71575000, 96912500)
21:55:32 com_github_adamws_kicad-kbplacer.kbplacer_plugin_action 347: Switch pad without recognized net name found.
21:55:32 com_github_adamws_kicad-kbplacer.kbplacer_plugin_action 356: Switch pad without recognized net name found.
21:55:32 com_github_adamws_kicad-kbplacer.kbplacer_plugin_action 35: Searching for MX41 footprint
21:55:32 com_github_adamws_kicad-kbplacer.kbplacer_plugin_action 46: Setting MX41 footprint position: (82150000, 96437500)
21:55:32 com_github_adamws_kicad-kbplacer.kbplacer_plugin_action 35: Searching for D41 footprint
21:55:32 com_github_adamws_kicad-kbplacer.kbplacer_plugin_action 46: Setting D41 footprint position: (90625000, 96912500)
21:55:32 com_github_adamws_kicad-kbplacer.kbplacer_plugin_action 347: Switch pad without recognized net name found.
21:55:32 com_github_adamws_kicad-kbplacer.kbplacer_plugin_action 356: Switch pad without recognized net name found.
21:55:32 com_github_adamws_kicad-kbplacer.kbplacer_plugin_action 35: Searching for MX42 footprint
21:55:32 com_github_adamws_kicad-kbplacer.kbplacer_plugin_action 46: Setting MX42 footprint position: (101200000, 96437500)
21:55:32 com_github_adamws_kicad-kbplacer.kbplacer_plugin_action 35: Searching for D42 footprint
21:55:32 com_github_adamws_kicad-kbplacer.kbplacer_plugin_action 46: Setting D42 footprint position: (109675000, 96912500)
21:55:32 com_github_adamws_kicad-kbplacer.kbplacer_plugin_action 347: Switch pad without recognized net name found.
21:55:32 com_github_adamws_kicad-kbplacer.kbplacer_plugin_action 356: Switch pad without recognized net name found.
21:55:32 com_github_adamws_kicad-kbplacer.kbplacer_plugin_action 35: Searching for MX43 footprint
21:55:32 com_github_adamws_kicad-kbplacer.kbplacer_plugin_action 46: Setting MX43 footprint position: (120250000, 96437500)
21:55:32 com_github_adamws_kicad-kbplacer.kbplacer_plugin_action 35: Searching for D43 footprint
21:55:32 com_github_adamws_kicad-kbplacer.kbplacer_plugin_action 46: Setting D43 footprint position: (128725000, 96912500)
21:55:32 com_github_adamws_kicad-kbplacer.kbplacer_plugin_action 347: Switch pad without recognized net name found.
21:55:32 com_github_adamws_kicad-kbplacer.kbplacer_plugin_action 356: Switch pad without recognized net name found.
21:55:32 com_github_adamws_kicad-kbplacer.kbplacer_plugin_action 35: Searching for MX44 footprint
21:55:32 com_github_adamws_kicad-kbplacer.kbplacer_plugin_action 46: Setting MX44 footprint position: (139300000, 96437500)
21:55:32 com_github_adamws_kicad-kbplacer.kbplacer_plugin_action 35: Searching for D44 footprint
21:55:32 com_github_adamws_kicad-kbplacer.kbplacer_plugin_action 46: Setting D44 footprint position: (147775000, 96912500)
21:55:32 com_github_adamws_kicad-kbplacer.kbplacer_plugin_action 347: Switch pad without recognized net name found.
21:55:32 com_github_adamws_kicad-kbplacer.kbplacer_plugin_action 356: Switch pad without recognized net name found.
21:55:32 com_github_adamws_kicad-kbplacer.kbplacer_plugin_action 35: Searching for MX45 footprint
21:55:32 com_github_adamws_kicad-kbplacer.kbplacer_plugin_action 46: Setting MX45 footprint position: (158350000, 96437500)
21:55:32 com_github_adamws_kicad-kbplacer.kbplacer_plugin_action 35: Searching for D45 footprint
21:55:32 com_github_adamws_kicad-kbplacer.kbplacer_plugin_action 46: Setting D45 footprint position: (166825000, 96912500)
21:55:32 com_github_adamws_kicad-kbplacer.kbplacer_plugin_action 347: Switch pad without recognized net name found.
21:55:32 com_github_adamws_kicad-kbplacer.kbplacer_plugin_action 356: Switch pad without recognized net name found.
21:55:32 com_github_adamws_kicad-kbplacer.kbplacer_plugin_action 35: Searching for MX46 footprint
21:55:32 com_github_adamws_kicad-kbplacer.kbplacer_plugin_action 46: Setting MX46 footprint position: (177400000, 96437500)
21:55:32 com_github_adamws_kicad-kbplacer.kbplacer_plugin_action 35: Searching for D46 footprint
21:55:32 com_github_adamws_kicad-kbplacer.kbplacer_plugin_action 46: Setting D46 footprint position: (185875000, 96912500)
21:55:32 com_github_adamws_kicad-kbplacer.kbplacer_plugin_action 347: Switch pad without recognized net name found.
21:55:32 com_github_adamws_kicad-kbplacer.kbplacer_plugin_action 356: Switch pad without recognized net name found.
21:55:32 com_github_adamws_kicad-kbplacer.kbplacer_plugin_action 35: Searching for MX47 footprint
21:55:32 com_github_adamws_kicad-kbplacer.kbplacer_plugin_action 46: Setting MX47 footprint position: (196450000, 96437500)
21:55:32 com_github_adamws_kicad-kbplacer.kbplacer_plugin_action 35: Searching for D47 footprint
21:55:32 com_github_adamws_kicad-kbplacer.kbplacer_plugin_action 46: Setting D47 footprint position: (204925000, 96912500)
21:55:32 com_github_adamws_kicad-kbplacer.kbplacer_plugin_action 347: Switch pad without recognized net name found.
21:55:32 com_github_adamws_kicad-kbplacer.kbplacer_plugin_action 356: Switch pad without recognized net name found.
21:55:32 com_github_adamws_kicad-kbplacer.kbplacer_plugin_action 35: Searching for MX48 footprint
21:55:32 com_github_adamws_kicad-kbplacer.kbplacer_plugin_action 46: Setting MX48 footprint position: (215500000, 96437500)
21:55:32 com_github_adamws_kicad-kbplacer.kbplacer_plugin_action 35: Searching for D48 footprint
21:55:32 com_github_adamws_kicad-kbplacer.kbplacer_plugin_action 46: Setting D48 footprint position: (223975000, 96912500)
21:55:32 com_github_adamws_kicad-kbplacer.kbplacer_plugin_action 347: Switch pad without recognized net name found.
21:55:32 com_github_adamws_kicad-kbplacer.kbplacer_plugin_action 356: Switch pad without recognized net name found.
21:55:32 com_github_adamws_kicad-kbplacer.kbplacer_plugin_action 35: Searching for MX49 footprint
21:55:32 com_github_adamws_kicad-kbplacer.kbplacer_plugin_action 46: Setting MX49 footprint position: (234550000, 96437500)
21:55:32 com_github_adamws_kicad-kbplacer.kbplacer_plugin_action 35: Searching for D49 footprint
21:55:32 com_github_adamws_kicad-kbplacer.kbplacer_plugin_action 46: Setting D49 footprint position: (243025000, 96912500)
21:55:32 com_github_adamws_kicad-kbplacer.kbplacer_plugin_action 347: Switch pad without recognized net name found.
21:55:32 com_github_adamws_kicad-kbplacer.kbplacer_plugin_action 356: Switch pad without recognized net name found.
21:55:32 com_github_adamws_kicad-kbplacer.kbplacer_plugin_action 35: Searching for MX50 footprint
21:55:32 com_github_adamws_kicad-kbplacer.kbplacer_plugin_action 46: Setting MX50 footprint position: (258362500, 101200000)
21:55:32 com_github_adamws_kicad-kbplacer.kbplacer_plugin_action 35: Searching for D50 footprint
21:55:32 com_github_adamws_kicad-kbplacer.kbplacer_plugin_action 46: Setting D50 footprint position: (266837500, 101675000)
21:55:32 com_github_adamws_kicad-kbplacer.kbplacer_plugin_action 347: Switch pad without recognized net name found.
21:55:32 com_github_adamws_kicad-kbplacer.kbplacer_plugin_action 356: Switch pad without recognized net name found.
21:55:32 com_github_adamws_kicad-kbplacer.kbplacer_plugin_action 35: Searching for MX51 footprint
21:55:32 com_github_adamws_kicad-kbplacer.kbplacer_plugin_action 46: Setting MX51 footprint position: (36906250, 115487500)
21:55:32 com_github_adamws_kicad-kbplacer.kbplacer_plugin_action 35: Searching for D51 footprint
21:55:32 com_github_adamws_kicad-kbplacer.kbplacer_plugin_action 46: Setting D51 footprint position: (45381250, 115962500)
21:55:32 com_github_adamws_kicad-kbplacer.kbplacer_plugin_action 347: Switch pad without recognized net name found.
21:55:32 com_github_adamws_kicad-kbplacer.kbplacer_plugin_action 356: Switch pad without recognized net name found.
21:55:32 com_github_adamws_kicad-kbplacer.kbplacer_plugin_action 35: Searching for MX52 footprint
21:55:32 com_github_adamws_kicad-kbplacer.kbplacer_plugin_action 46: Setting MX52 footprint position: (60718750, 115487500)
21:55:32 com_github_adamws_kicad-kbplacer.kbplacer_plugin_action 35: Searching for D52 footprint
21:55:32 com_github_adamws_kicad-kbplacer.kbplacer_plugin_action 46: Setting D52 footprint position: (69193750, 115962500)
21:55:32 com_github_adamws_kicad-kbplacer.kbplacer_plugin_action 347: Switch pad without recognized net name found.
21:55:32 com_github_adamws_kicad-kbplacer.kbplacer_plugin_action 356: Switch pad without recognized net name found.
21:55:32 com_github_adamws_kicad-kbplacer.kbplacer_plugin_action 35: Searching for MX53 footprint
21:55:32 com_github_adamws_kicad-kbplacer.kbplacer_plugin_action 46: Setting MX53 footprint position: (84531250, 115487500)
21:55:32 com_github_adamws_kicad-kbplacer.kbplacer_plugin_action 35: Searching for D53 footprint
21:55:32 com_github_adamws_kicad-kbplacer.kbplacer_plugin_action 46: Setting D53 footprint position: (93006250, 115962500)
21:55:32 com_github_adamws_kicad-kbplacer.kbplacer_plugin_action 347: Switch pad without recognized net name found.
21:55:32 com_github_adamws_kicad-kbplacer.kbplacer_plugin_action 356: Switch pad without recognized net name found.
21:55:32 com_github_adamws_kicad-kbplacer.kbplacer_plugin_action 35: Searching for MX54 footprint
21:55:32 com_github_adamws_kicad-kbplacer.kbplacer_plugin_action 46: Setting MX54 footprint position: (213118750, 115487500)
21:55:32 com_github_adamws_kicad-kbplacer.kbplacer_plugin_action 35: Searching for D54 footprint
21:55:32 com_github_adamws_kicad-kbplacer.kbplacer_plugin_action 46: Setting D54 footprint position: (221593750, 115962500)
21:55:32 com_github_adamws_kicad-kbplacer.kbplacer_plugin_action 347: Switch pad without recognized net name found.
21:55:32 com_github_adamws_kicad-kbplacer.kbplacer_plugin_action 356: Switch pad without recognized net name found.
21:55:32 com_github_adamws_kicad-kbplacer.kbplacer_plugin_action 35: Searching for MX55 footprint
21:55:32 com_github_adamws_kicad-kbplacer.kbplacer_plugin_action 46: Setting MX55 footprint position: (127393750, 120250000)
21:55:32 com_github_adamws_kicad-kbplacer.kbplacer_plugin_action 46: Setting S55 footprint position: (127393750, 120250000)
21:55:32 com_github_adamws_kicad-kbplacer.kbplacer_plugin_action 35: Searching for D55 footprint
21:55:32 com_github_adamws_kicad-kbplacer.kbplacer_plugin_action 46: Setting D55 footprint position: (135868750, 120725000)
21:55:32 com_github_adamws_kicad-kbplacer.kbplacer_plugin_action 347: Switch pad without recognized net name found.
21:55:32 com_github_adamws_kicad-kbplacer.kbplacer_plugin_action 356: Switch pad without recognized net name found.
21:55:32 com_github_adamws_kicad-kbplacer.kbplacer_plugin_action 35: Searching for MX56 footprint
21:55:32 com_github_adamws_kicad-kbplacer.kbplacer_plugin_action 46: Setting MX56 footprint position: (175018750, 120250000)
21:55:32 com_github_adamws_kicad-kbplacer.kbplacer_plugin_action 46: Setting S56 footprint position: (175018750, 120250000)
21:55:32 com_github_adamws_kicad-kbplacer.kbplacer_plugin_action 35: Searching for D56 footprint
21:55:32 com_github_adamws_kicad-kbplacer.kbplacer_plugin_action 46: Setting D56 footprint position: (183493750, 120725000)
21:55:32 com_github_adamws_kicad-kbplacer.kbplacer_plugin_action 347: Switch pad without recognized net name found.
21:55:32 com_github_adamws_kicad-kbplacer.kbplacer_plugin_action 356: Switch pad without recognized net name found.
21:55:32 com_github_adamws_kicad-kbplacer.kbplacer_plugin_action 35: Searching for MX57 footprint
21:55:32 com_github_adamws_kicad-kbplacer.kbplacer_plugin_action 46: Setting MX57 footprint position: (239312500, 120250000)
21:55:32 com_github_adamws_kicad-kbplacer.kbplacer_plugin_action 35: Searching for D57 footprint
21:55:32 com_github_adamws_kicad-kbplacer.kbplacer_plugin_action 46: Setting D57 footprint position: (247787500, 120725000)
21:55:32 com_github_adamws_kicad-kbplacer.kbplacer_plugin_action 347: Switch pad without recognized net name found.
21:55:32 com_github_adamws_kicad-kbplacer.kbplacer_plugin_action 356: Switch pad without recognized net name found.
21:55:32 com_github_adamws_kicad-kbplacer.kbplacer_plugin_action 35: Searching for MX58 footprint
21:55:32 com_github_adamws_kicad-kbplacer.kbplacer_plugin_action 46: Setting MX58 footprint position: (258362500, 120250000)
21:55:32 com_github_adamws_kicad-kbplacer.kbplacer_plugin_action 35: Searching for D58 footprint
21:55:32 com_github_adamws_kicad-kbplacer.kbplacer_plugin_action 46: Setting D58 footprint position: (266837500, 120725000)
21:55:32 com_github_adamws_kicad-kbplacer.kbplacer_plugin_action 347: Switch pad without recognized net name found.
21:55:32 com_github_adamws_kicad-kbplacer.kbplacer_plugin_action 356: Switch pad without recognized net name found.
21:55:32 com_github_adamws_kicad-kbplacer.kbplacer_plugin_action 35: Searching for MX59 footprint
21:55:32 com_github_adamws_kicad-kbplacer.kbplacer_plugin_action 46: Setting MX59 footprint position: (277412500, 120250000)
21:55:32 com_github_adamws_kicad-kbplacer.kbplacer_plugin_action 35: Searching for D59 footprint
21:55:32 com_github_adamws_kicad-kbplacer.kbplacer_plugin_action 46: Setting D59 footprint position: (285887500, 120725000)
21:55:32 com_github_adamws_kicad-kbplacer.kbplacer_plugin_action 347: Switch pad without recognized net name found.
21:55:32 com_github_adamws_kicad-kbplacer.kbplacer_plugin_action 356: Switch pad without recognized net name found.
